  Final_공통함수.c
  Final_기하학처리.c
D:\C_git_repo\C_learning\그레이스케일 최종\Final\Final_공통함수.c(70,35): warning C4244: '함수': '__int64'에서 'double'(으)로 변환하면서 데이터가 손실될 수 있습니다.
D:\C_git_repo\C_learning\그레이스케일 최종\Final\Final_공통함수.c(91,32): warning C4047: '함수': 'const char *'의 간접 참조 수준이 'unsigned char **'과(와) 다릅니다.
D:\C_git_repo\C_learning\그레이스케일 최종\Final\Final_공통함수.c(91,32): warning C4024: 'strlen': 형식 및 실제 매개 변수 1의 형식이 서로 다릅니다.
D:\C_git_repo\C_learning\그레이스케일 최종\Final\Final_공통함수.c(91,9): warning C4477: 'printf' : 서식 문자열 '%d'에 'int' 형식의 인수가 필요하지만 variadic 인수 1의 형식이 'size_t'입니다.
  D:\C_git_repo\C_learning\그레이스케일 최종\Final\Final_공통함수.c(91,9):
  서식 문자열에서 '%zd'을(를) 사용하는 것이 좋습니다.
  
D:\C_git_repo\C_learning\그레이스케일 최종\Final\Final_공통함수.c(202,51): warning C4047: '함수': 'UINT'의 간접 참조 수준이 'void *'과(와) 다릅니다.
D:\C_git_repo\C_learning\그레이스케일 최종\Final\Final_공통함수.c(202,51): warning C4024: 'MessageBoxW': 형식 및 실제 매개 변수 4의 형식이 서로 다릅니다.
D:\C_git_repo\C_learning\그레이스케일 최종\Final\Final_기하학처리.c(40,2): warning C4013: 'free_outImage_mem'이(가) 정의되지 않았습니다. extern은 int형을 반환하는 것으로 간주합니다.
D:\C_git_repo\C_learning\그레이스케일 최종\Final\Final_기하학처리.c(48,2): warning C4013: 'malloc_outImage_mem'이(가) 정의되지 않았습니다. extern은 int형을 반환하는 것으로 간주합니다.
D:\C_git_repo\C_learning\그레이스케일 최종\Final\Final_기하학처리.c(104,50): warning C4244: '초기화 중': 'double'에서 'int'(으)로 변환하면서 데이터가 손실될 수 있습니다.
D:\C_git_repo\C_learning\그레이스케일 최종\Final\Final_기하학처리.c(105,50): warning C4244: '초기화 중': 'double'에서 'int'(으)로 변환하면서 데이터가 손실될 수 있습니다.
D:\C_git_repo\C_learning\그레이스케일 최종\Final\Final_기하학처리.c(139,46): warning C4244: '=': 'double'에서 'int'(으)로 변환하면서 데이터가 손실될 수 있습니다.
D:\C_git_repo\C_learning\그레이스케일 최종\Final\Final_기하학처리.c(140,48): warning C4244: '=': 'double'에서 'int'(으)로 변환하면서 데이터가 손실될 수 있습니다.
D:\C_git_repo\C_learning\그레이스케일 최종\Final\Final_기하학처리.c(180,54): warning C4244: '초기화 중': 'double'에서 'int'(으)로 변환하면서 데이터가 손실될 수 있습니다.
D:\C_git_repo\C_learning\그레이스케일 최종\Final\Final_기하학처리.c(181,54): warning C4244: '초기화 중': 'double'에서 'int'(으)로 변환하면서 데이터가 손실될 수 있습니다.
D:\C_git_repo\C_learning\그레이스케일 최종\Final\Final_기하학처리.c(214,46): warning C4244: '=': 'double'에서 'int'(으)로 변환하면서 데이터가 손실될 수 있습니다.
D:\C_git_repo\C_learning\그레이스케일 최종\Final\Final_기하학처리.c(215,48): warning C4244: '=': 'double'에서 'int'(으)로 변환하면서 데이터가 손실될 수 있습니다.
D:\C_git_repo\C_learning\그레이스케일 최종\Final\Final_기하학처리.c(257,54): warning C4244: '초기화 중': 'double'에서 'int'(으)로 변환하면서 데이터가 손실될 수 있습니다.
D:\C_git_repo\C_learning\그레이스케일 최종\Final\Final_기하학처리.c(258,54): warning C4244: '초기화 중': 'double'에서 'int'(으)로 변환하면서 데이터가 손실될 수 있습니다.
  Final_main.c
  Final_영상통계함수.c
  Final_합병정렬.c
  Final_화소영역처리.c
  Final_화소점처리.c
D:\C_git_repo\C_learning\그레이스케일 최종\Final\Final_화소점처리.c(232,25): warning C4244: '=': 'double'에서 'unsigned char'(으)로 변환하면서 데이터가 손실될 수 있습니다.
D:\C_git_repo\C_learning\그레이스케일 최종\Final\Final_화소점처리.c(249,82): warning C4244: '=': 'double'에서 'unsigned char'(으)로 변환하면서 데이터가 손실될 수 있습니다.
  코드를 생성하고 있습니다...
  LINK : D:\C_git_repo\C_learning\그레이스케일 최종\Final\x64\Debug\Final.exe을(를) 찾을 수 없거나 마지막 증분 링크에 의해 빌드되지 않았습니다. 전체 링크를 수행하고 있습니다.
  Final.vcxproj -> D:\C_git_repo\C_learning\그레이스케일 최종\Final\x64\Debug\Final.exe
